<?xml version="1.0" encoding="UTF-8"?>
<!-- Generated by org.testng.reporters.JUnitReportReporter -->
<testsuite hostname="LAPTOP-7K2RC307" failures="0" tests="1" name="locators.RelativeLocators" time="6.772" errors="0" timestamp="15 Apr 2023 13:56:47 GMT" skipped="0">
  <testcase classname="locators.RelativeLocators" name="filter" time="6.772"/>
</testsuite> <!-- locators.RelativeLocators -->
