<?xml version="1.0" encoding="UTF-8"?>
<!-- Generated by org.testng.reporters.JUnitReportReporter -->
<testsuite hostname="LAPTOP-7K2RC307" failures="0" tests="1" name="locators.PartialScreenShot" time="6.472" errors="0" timestamp="16 Apr 2023 07:12:55 GMT" skipped="0">
  <testcase classname="locators.PartialScreenShot" name="screenshot" time="6.472"/>
</testsuite> <!-- locators.PartialScreenShot -->
