<?xml version="1.0" encoding="UTF-8"?>
<!-- Generated by org.testng.reporters.JUnitReportReporter -->
<testsuite hostname="LAPTOP-7K2RC307" failures="0" tests="1" name="locators.streamFilter" time="0.037" errors="0" timestamp="01 Apr 2023 14:24:23 GMT" skipped="0">
  <testcase classname="locators.streamFilter" name="streamCollect" time="0.037"/>
</testsuite> <!-- locators.streamFilter -->
