<?xml version="1.0" encoding="UTF-8"?>
<!-- Generated by org.testng.reporters.JUnitReportReporter -->
<testsuite hostname="LAPTOP-7K2RC307" failures="0" tests="3" name="testNG_xml_Leaning.Annotations" time="0.038" errors="0" timestamp="22 Apr 2023 13:30:39 GMT" skipped="0">
  <testcase classname="testNG_xml_Leaning.Annotations" name="BTest03" time="0.012"/>
  <testcase classname="testNG_xml_Leaning.Annotations" name="GTest02" time="0.003"/>
  <testcase classname="testNG_xml_Leaning.Annotations" name="ZTest01" time="0.023"/>
</testsuite> <!-- testNG_xml_Leaning.Annotations -->
