<?xml version="1.0" encoding="UTF-8"?>
<!-- Generated by org.testng.reporters.JUnitReportReporter -->
<testsuite hostname="LAPTOP-7K2RC307" failures="0" tests="1" name="locators.FilterPractice" time="3.859" errors="0" timestamp="14 Apr 2023 07:45:53 GMT" skipped="0">
  <testcase classname="locators.FilterPractice" name="filter" time="3.859"/>
</testsuite> <!-- locators.FilterPractice -->
